<?xml version="1.0" encoding="UTF-8"?>
<testng-results skipped="0" failed="1" ignored="0" total="3" passed="2">
  <reporter-output>
  </reporter-output>
  <suite name="Suite1" duration-ms="26788" started-at="2022-12-01T23:15:11Z" finished-at="2022-12-01T23:15:38Z">
    <groups>
      <group name="cucumber">
        <method signature="AbstractTestNGCucumberTests.runScenario(io.cucumber.testng.PickleWrapper, io.cucumber.testng.FeatureWrapper)[pri:0, instance:com.google.Runners.TestRunner@130161f7]" name="runScenario" class="io.cucumber.testng.AbstractTestNGCucumberTests"/>
      </group> <!-- cucumber -->
    </groups>
    <test name="Nopackage" duration-ms="26788" started-at="2022-12-01T23:15:11Z" finished-at="2022-12-01T23:15:38Z">
      <class name="com.google.Runners.TestRunner">
        <test-method status="PASS" signature="setUpClass(org.testng.ITestContext)[pri:0, instance:com.google.Runners.TestRunner@130161f7]" name="setUpClass" is-config="true" duration-ms="388" started-at="2022-12-01T23:15:11Z" finished-at="2022-12-01T23:15:12Z">
          <params>
            <param index="0">
              <value>
                <![CDATA[org.testng.TestRunner@3efedc6f]]>
              </value>
            </param>
          </params>
          <reporter-output>
          </reporter-output>
        </test-method> <!-- setUpClass -->
        <test-method status="PASS" signature="runScenario(io.cucumber.testng.PickleWrapper, io.cucumber.testng.FeatureWrapper)[pri:0, instance:com.google.Runners.TestRunner@130161f7]" name="runScenario" duration-ms="16327" started-at="2022-12-01T23:15:12Z" description="Runs Cucumber Scenarios" data-provider="scenarios" finished-at="2022-12-01T23:15:28Z">
          <params>
            <param index="0">
              <value>
                <![CDATA["serching products in google"]]>
              </value>
            </param>
            <param index="1">
              <value>
                <![CDATA["Searching Products"]]>
              </value>
            </param>
          </params>
          <reporter-output>
          </reporter-output>
        </test-method> <!-- runScenario -->
        <test-method status="PASS" signature="runScenario(io.cucumber.testng.PickleWrapper, io.cucumber.testng.FeatureWrapper)[pri:0, instance:com.google.Runners.TestRunner@130161f7]" name="runScenario" duration-ms="6579" started-at="2022-12-01T23:15:28Z" description="Runs Cucumber Scenarios" data-provider="scenarios" finished-at="2022-12-01T23:15:35Z">
          <params>
            <param index="0">
              <value>
                <![CDATA["serching products in google"]]>
              </value>
            </param>
            <param index="1">
              <value>
                <![CDATA["Searching Products"]]>
              </value>
            </param>
          </params>
          <reporter-output>
          </reporter-output>
        </test-method> <!-- runScenario -->
        <test-method status="FAIL" signature="runScenario(io.cucumber.testng.PickleWrapper, io.cucumber.testng.FeatureWrapper)[pri:0, instance:com.google.Runners.TestRunner@130161f7]" name="runScenario" duration-ms="3443" started-at="2022-12-01T23:15:35Z" description="Runs Cucumber Scenarios" data-provider="scenarios" finished-at="2022-12-01T23:15:38Z">
          <params>
            <param index="0">
              <value>
                <![CDATA["serching products in google"]]>
              </value>
            </param>
            <param index="1">
              <value>
                <![CDATA["Searching Products"]]>
              </value>
            </param>
          </params>
          <exception class="org.openqa.selenium.NoSuchWindowException">
            <message>
              <![CDATA[no such window: target window already closed
from unknown error: web view not found
  (Session info: chrome=108.0.5359.71)
Build info: version: '4.4.0', revision: 'e5c75ed026a'
System info: host: 'Aminuls-MBP-2.home', ip: 'fd0e:c875:94ce:1:105c:f0cb:1890:4f9e%en0', os.name: 'Mac OS X', os.arch: 'x86_64', os.version: '12.6', java.version: '1.8.0_341'
Driver info: org.openqa.selenium.chrome.ChromeDriver
Command: [35bdb6d3ee27f0da4f1e2d1bb92ecf8a, maximizeCurrentWindow {}]
Capabilities {acceptInsecureCerts: false, browserName: chrome, browserVersion: 108.0.5359.71, chrome: {chromedriverVersion: 108.0.5359.71 (1e0e3868ee06..., userDataDir: /var/folders/8d/thhvfqgs3cg...}, goog:chromeOptions: {debuggerAddress: localhost:53556}, networkConnectionEnabled: false, pageLoadStrategy: normal, platformName: MAC, proxy: Proxy(), se:cdp: ws://localhost:53556/devtoo..., se:cdpVersion: 108.0.5359.71, setWindowRect: true, strictFileInteractability: false, timeouts: {implicit: 0, pageLoad: 300000, script: 30000}, unhandledPromptBehavior: dismiss and notify, webauthn:extension:credBlob: true, webauthn:extension:largeBlob: true, webauthn:virtualAuthenticators: true}
Session ID: 35bdb6d3ee27f0da4f1e2d1bb92ecf8a]]>
            </message>
            <full-stacktrace>
              <![CDATA[org.openqa.selenium.NoSuchWindowException: no such window: target window already closed
from unknown error: web view not found
  (Session info: chrome=108.0.5359.71)
Build info: version: '4.4.0', revision: 'e5c75ed026a'
System info: host: 'Aminuls-MBP-2.home', ip: 'fd0e:c875:94ce:1:105c:f0cb:1890:4f9e%en0', os.name: 'Mac OS X', os.arch: 'x86_64', os.version: '12.6', java.version: '1.8.0_341'
Driver info: org.openqa.selenium.chrome.ChromeDriver
Command: [35bdb6d3ee27f0da4f1e2d1bb92ecf8a, maximizeCurrentWindow {}]
Capabilities {acceptInsecureCerts: false, browserName: chrome, browserVersion: 108.0.5359.71, chrome: {chromedriverVersion: 108.0.5359.71 (1e0e3868ee06..., userDataDir: /var/folders/8d/thhvfqgs3cg...}, goog:chromeOptions: {debuggerAddress: localhost:53556}, networkConnectionEnabled: false, pageLoadStrategy: normal, platformName: MAC, proxy: Proxy(), se:cdp: ws://localhost:53556/devtoo..., se:cdpVersion: 108.0.5359.71, setWindowRect: true, strictFileInteractability: false, timeouts: {implicit: 0, pageLoad: 300000, script: 30000}, unhandledPromptBehavior: dismiss and notify, webauthn:extension:credBlob: true, webauthn:extension:largeBlob: true, webauthn:virtualAuthenticators: true}
Session ID: 35bdb6d3ee27f0da4f1e2d1bb92ecf8a
at sun.reflect.NativeConstructorAccessorImpl.newInstance0(Native Method)
at sun.reflect.NativeConstructorAccessorImpl.newInstance(NativeConstructorAccessorImpl.java:62)
at sun.reflect.DelegatingConstructorAccessorImpl.newInstance(DelegatingConstructorAccessorImpl.java:45)
at java.lang.reflect.Constructor.newInstance(Constructor.java:423)
at org.openqa.selenium.remote.codec.w3c.W3CHttpResponseCodec.createException(W3CHttpResponseCodec.java:200)
at org.openqa.selenium.remote.codec.w3c.W3CHttpResponseCodec.decode(W3CHttpResponseCodec.java:133)
at org.openqa.selenium.remote.codec.w3c.W3CHttpResponseCodec.decode(W3CHttpResponseCodec.java:53)
at org.openqa.selenium.remote.HttpCommandExecutor.execute(HttpCommandExecutor.java:184)
at org.openqa.selenium.remote.service.DriverCommandExecutor.invokeExecute(DriverCommandExecutor.java:167)
at org.openqa.selenium.remote.service.DriverCommandExecutor.execute(DriverCommandExecutor.java:142)
at org.openqa.selenium.remote.RemoteWebDriver.execute(RemoteWebDriver.java:547)
at org.openqa.selenium.remote.RemoteWebDriver.execute(RemoteWebDriver.java:602)
at org.openqa.selenium.remote.RemoteWebDriver.execute(RemoteWebDriver.java:606)
at org.openqa.selenium.remote.RemoteWebDriver$RemoteWebDriverOptions$RemoteWindow.maximize(RemoteWebDriver.java:1002)
at com.google.Steps.GoogleSearch.i_am_the_google_homepage(GoogleSearch.java:24)
at ✽.I am the google homepage(file:///Users/aminulislam/eclipse-workspace/com.google/Features/googleSearch.feature:3)
]]>
            </full-stacktrace>
          </exception> <!-- org.openqa.selenium.NoSuchWindowException -->
          <reporter-output>
          </reporter-output>
        </test-method> <!-- runScenario -->
        <test-method status="PASS" signature="tearDownClass()[pri:0, instance:com.google.Runners.TestRunner@130161f7]" name="tearDownClass" is-config="true" duration-ms="15" started-at="2022-12-01T23:15:38Z" finished-at="2022-12-01T23:15:38Z">
          <reporter-output>
          </reporter-output>
        </test-method> <!-- tearDownClass -->
      </class> <!-- com.google.Runners.TestRunner -->
    </test> <!-- Nopackage -->
  </suite> <!-- Suite1 -->
</testng-results>
